[2025-12-01T06:01:28.973+0000] {local_task_job_runner.py:123} INFO - ::group::Pre task execution logs
[2025-12-01T06:01:28.998+0000] {taskinstance.py:2612} INFO - Dependencies all met for dep_context=non-requeueable deps ti=<TaskInstance: ETL_DWH_Daily.run_insert_silver scheduled__2025-12-01T05:50:00+00:00 [queued]>
[2025-12-01T06:01:29.013+0000] {taskinstance.py:2612} INFO - Dependencies all met for dep_context=requeueable deps ti=<TaskInstance: ETL_DWH_Daily.run_insert_silver scheduled__2025-12-01T05:50:00+00:00 [queued]>
[2025-12-01T06:01:29.014+0000] {taskinstance.py:2865} INFO - Starting attempt 1 of 2
[2025-12-01T06:01:29.046+0000] {taskinstance.py:2888} INFO - Executing <Task(BashOperator): run_insert_silver> on 2025-12-01 05:50:00+00:00
[2025-12-01T06:01:29.061+0000] {logging_mixin.py:190} WARNING - /home/***/.local/lib/python3.12/site-packages/***/task/task_runner/standard_task_runner.py:70 DeprecationWarning: This process (pid=9399) is multi-threaded, use of fork() may lead to deadlocks in the child.
[2025-12-01T06:01:29.063+0000] {standard_task_runner.py:72} INFO - Started process 9426 to run task
[2025-12-01T06:01:29.060+0000] {standard_task_runner.py:104} INFO - Running: ['***', 'tasks', 'run', 'ETL_DWH_Daily', 'run_insert_silver', 'scheduled__2025-12-01T05:50:00+00:00', '--job-id', '914', '--raw', '--subdir', 'DAGS_FOLDER/etl_insert_DWH_Daily_dag.py', '--cfg-path', '/tmp/tmpsqix4vjx']
[2025-12-01T06:01:29.065+0000] {standard_task_runner.py:105} INFO - Job 914: Subtask run_insert_silver
[2025-12-01T06:01:29.187+0000] {task_command.py:467} INFO - Running <TaskInstance: ETL_DWH_Daily.run_insert_silver scheduled__2025-12-01T05:50:00+00:00 [running]> on host bdb661d75ef8
[2025-12-01T06:01:29.290+0000] {taskinstance.py:3131} INFO - Exporting env vars: AIRFLOW_CTX_DAG_OWNER='yohan' AIRFLOW_CTX_DAG_ID='ETL_DWH_Daily' AIRFLOW_CTX_TASK_ID='run_insert_silver' AIRFLOW_CTX_EXECUTION_DATE='2025-12-01T05:50:00+00:00' AIRFLOW_CTX_TRY_NUMBER='1' AIRFLOW_CTX_DAG_RUN_ID='scheduled__2025-12-01T05:50:00+00:00'
[2025-12-01T06:01:29.295+0000] {taskinstance.py:731} INFO - ::endgroup::
[2025-12-01T06:01:29.365+0000] {subprocess.py:63} INFO - Tmp dir root location: /tmp
[2025-12-01T06:01:29.368+0000] {subprocess.py:75} INFO - Running command: ['/usr/bin/bash', '-c', 'python /opt/***/scripts/CORE_Insert_DWH.py']
[2025-12-01T06:01:29.411+0000] {subprocess.py:86} INFO - Output:
[2025-12-01T06:01:31.464+0000] {subprocess.py:93} INFO - Start INCREMENTAL ETL - 2025-12-01 06:01:31.427513
[2025-12-01T06:01:31.464+0000] {subprocess.py:93} INFO - 
[2025-12-01T06:01:31.465+0000] {subprocess.py:93} INFO - ========== START INCREMENTAL LOADING ==========
[2025-12-01T06:01:31.466+0000] {subprocess.py:93} INFO - 
[2025-12-01T06:01:31.466+0000] {subprocess.py:93} INFO - 
[2025-12-01T06:01:31.467+0000] {subprocess.py:93} INFO - [1] Loading DimCustomer (Incremental)...
[2025-12-01T06:01:31.468+0000] {subprocess.py:93} INFO - Traceback (most recent call last):
[2025-12-01T06:01:31.468+0000] {subprocess.py:93} INFO -   File "/home/***/.local/lib/python3.12/site-packages/sqlalchemy/engine/base.py", line 3371, in _wrap_pool_connect
[2025-12-01T06:01:31.469+0000] {subprocess.py:93} INFO -     return fn()
[2025-12-01T06:01:31.470+0000] {subprocess.py:93} INFO -            ^^^^
[2025-12-01T06:01:31.470+0000] {subprocess.py:93} INFO -   File "/home/***/.local/lib/python3.12/site-packages/sqlalchemy/pool/base.py", line 327, in connect
[2025-12-01T06:01:31.471+0000] {subprocess.py:93} INFO -     return _ConnectionFairy._checkout(self)
[2025-12-01T06:01:31.472+0000] {subprocess.py:93} INFO -            ^^^^^^^^^^^^^^^^^^^^^^^^^^^^^^^^
[2025-12-01T06:01:31.472+0000] {subprocess.py:93} INFO -   File "/home/***/.local/lib/python3.12/site-packages/sqlalchemy/pool/base.py", line 894, in _checkout
[2025-12-01T06:01:31.473+0000] {subprocess.py:93} INFO -     fairy = _ConnectionRecord.checkout(pool)
[2025-12-01T06:01:31.474+0000] {subprocess.py:93} INFO -             ^^^^^^^^^^^^^^^^^^^^^^^^^^^^^^^^
[2025-12-01T06:01:31.474+0000] {subprocess.py:93} INFO -   File "/home/***/.local/lib/python3.12/site-packages/sqlalchemy/pool/base.py", line 493, in checkout
[2025-12-01T06:01:31.475+0000] {subprocess.py:93} INFO -     rec = pool._do_get()
[2025-12-01T06:01:31.476+0000] {subprocess.py:93} INFO -           ^^^^^^^^^^^^^^
[2025-12-01T06:01:31.476+0000] {subprocess.py:93} INFO -   File "/home/***/.local/lib/python3.12/site-packages/sqlalchemy/pool/impl.py", line 145, in _do_get
[2025-12-01T06:01:31.477+0000] {subprocess.py:93} INFO -     with util.safe_reraise():
[2025-12-01T06:01:31.477+0000] {subprocess.py:93} INFO -          ^^^^^^^^^^^^^^^^^^^
[2025-12-01T06:01:31.478+0000] {subprocess.py:93} INFO -   File "/home/***/.local/lib/python3.12/site-packages/sqlalchemy/util/langhelpers.py", line 70, in __exit__
[2025-12-01T06:01:31.479+0000] {subprocess.py:93} INFO -     compat.raise_(
[2025-12-01T06:01:31.479+0000] {subprocess.py:93} INFO -   File "/home/***/.local/lib/python3.12/site-packages/sqlalchemy/util/compat.py", line 211, in raise_
[2025-12-01T06:01:31.480+0000] {subprocess.py:93} INFO -     raise exception
[2025-12-01T06:01:31.481+0000] {subprocess.py:93} INFO -   File "/home/***/.local/lib/python3.12/site-packages/sqlalchemy/pool/impl.py", line 143, in _do_get
[2025-12-01T06:01:31.481+0000] {subprocess.py:93} INFO -     return self._create_connection()
[2025-12-01T06:01:31.482+0000] {subprocess.py:93} INFO -            ^^^^^^^^^^^^^^^^^^^^^^^^^
[2025-12-01T06:01:31.483+0000] {subprocess.py:93} INFO -   File "/home/***/.local/lib/python3.12/site-packages/sqlalchemy/pool/base.py", line 273, in _create_connection
[2025-12-01T06:01:31.483+0000] {subprocess.py:93} INFO -     return _ConnectionRecord(self)
[2025-12-01T06:01:31.484+0000] {subprocess.py:93} INFO -            ^^^^^^^^^^^^^^^^^^^^^^^
[2025-12-01T06:01:31.485+0000] {subprocess.py:93} INFO -   File "/home/***/.local/lib/python3.12/site-packages/sqlalchemy/pool/base.py", line 388, in __init__
[2025-12-01T06:01:31.485+0000] {subprocess.py:93} INFO -     self.__connect()
[2025-12-01T06:01:31.486+0000] {subprocess.py:93} INFO -   File "/home/***/.local/lib/python3.12/site-packages/sqlalchemy/pool/base.py", line 690, in __connect
[2025-12-01T06:01:31.487+0000] {subprocess.py:93} INFO -     with util.safe_reraise():
[2025-12-01T06:01:31.488+0000] {subprocess.py:93} INFO -          ^^^^^^^^^^^^^^^^^^^
[2025-12-01T06:01:31.488+0000] {subprocess.py:93} INFO -   File "/home/***/.local/lib/python3.12/site-packages/sqlalchemy/util/langhelpers.py", line 70, in __exit__
[2025-12-01T06:01:31.489+0000] {subprocess.py:93} INFO -     compat.raise_(
[2025-12-01T06:01:31.490+0000] {subprocess.py:93} INFO -   File "/home/***/.local/lib/python3.12/site-packages/sqlalchemy/util/compat.py", line 211, in raise_
[2025-12-01T06:01:31.490+0000] {subprocess.py:93} INFO -     raise exception
[2025-12-01T06:01:31.491+0000] {subprocess.py:93} INFO -   File "/home/***/.local/lib/python3.12/site-packages/sqlalchemy/pool/base.py", line 686, in __connect
[2025-12-01T06:01:31.492+0000] {subprocess.py:93} INFO -     self.dbapi_connection = connection = pool._invoke_creator(self)
[2025-12-01T06:01:31.492+0000] {subprocess.py:93} INFO -                                          ^^^^^^^^^^^^^^^^^^^^^^^^^^
[2025-12-01T06:01:31.493+0000] {subprocess.py:93} INFO -   File "/home/***/.local/lib/python3.12/site-packages/sqlalchemy/engine/create.py", line 574, in connect
[2025-12-01T06:01:31.493+0000] {subprocess.py:93} INFO -     return dialect.connect(*cargs, **cparams)
[2025-12-01T06:01:31.494+0000] {subprocess.py:93} INFO -            ^^^^^^^^^^^^^^^^^^^^^^^^^^^^^^^^^^
[2025-12-01T06:01:31.495+0000] {subprocess.py:93} INFO -   File "/home/***/.local/lib/python3.12/site-packages/sqlalchemy/engine/default.py", line 598, in connect
[2025-12-01T06:01:31.495+0000] {subprocess.py:93} INFO -     return self.dbapi.connect(*cargs, **cparams)
[2025-12-01T06:01:31.496+0000] {subprocess.py:93} INFO -            ^^^^^^^^^^^^^^^^^^^^^^^^^^^^^^^^^^^^^
[2025-12-01T06:01:31.497+0000] {subprocess.py:93} INFO - pyodbc.OperationalError: ('08001', '[08001] [Microsoft][ODBC Driver 18 for SQL Server]Client unable to establish connection because an error was encountered during handshakes before login. Common causes include client attempting to connect to an unsupported version of SQL Server, server too busy to accept new connections or a resource limitation (memory or maximum allowed connections) on the server. (26) (SQLDriverConnect)')
[2025-12-01T06:01:31.498+0000] {subprocess.py:93} INFO - 
[2025-12-01T06:01:31.499+0000] {subprocess.py:93} INFO - The above exception was the direct cause of the following exception:
[2025-12-01T06:01:31.500+0000] {subprocess.py:93} INFO - 
[2025-12-01T06:01:31.501+0000] {subprocess.py:93} INFO - Traceback (most recent call last):
[2025-12-01T06:01:31.505+0000] {subprocess.py:93} INFO -   File "/opt/***/scripts/CORE_Insert_DWH.py", line 380, in <module>
[2025-12-01T06:01:31.508+0000] {subprocess.py:93} INFO -     run_etl()
[2025-12-01T06:01:31.510+0000] {subprocess.py:93} INFO -   File "/opt/***/scripts/CORE_Insert_DWH.py", line 359, in run_etl
[2025-12-01T06:01:31.511+0000] {subprocess.py:93} INFO -     total_inserted += load_dim_customer()
[2025-12-01T06:01:31.511+0000] {subprocess.py:93} INFO -                       ^^^^^^^^^^^^^^^^^^^
[2025-12-01T06:01:31.512+0000] {subprocess.py:93} INFO -   File "/opt/***/scripts/CORE_Insert_DWH.py", line 74, in load_dim_customer
[2025-12-01T06:01:31.513+0000] {subprocess.py:93} INFO -     df = pd.read_sql(sql, engine)
[2025-12-01T06:01:31.514+0000] {subprocess.py:93} INFO -          ^^^^^^^^^^^^^^^^^^^^^^^^
[2025-12-01T06:01:31.515+0000] {subprocess.py:93} INFO -   File "/home/***/.local/lib/python3.12/site-packages/pandas/io/sql.py", line 652, in read_sql
[2025-12-01T06:01:31.516+0000] {subprocess.py:93} INFO -     with pandasSQL_builder(con) as pandas_sql:
[2025-12-01T06:01:31.517+0000] {subprocess.py:93} INFO -          ^^^^^^^^^^^^^^^^^^^^^^
[2025-12-01T06:01:31.518+0000] {subprocess.py:93} INFO -   File "/home/***/.local/lib/python3.12/site-packages/pandas/io/sql.py", line 851, in pandasSQL_builder
[2025-12-01T06:01:31.518+0000] {subprocess.py:93} INFO -     return SQLDatabase(con, schema, need_transaction)
[2025-12-01T06:01:31.519+0000] {subprocess.py:93} INFO -            ^^^^^^^^^^^^^^^^^^^^^^^^^^^^^^^^^^^^^^^^^^
[2025-12-01T06:01:31.519+0000] {subprocess.py:93} INFO -   File "/home/***/.local/lib/python3.12/site-packages/pandas/io/sql.py", line 1576, in __init__
[2025-12-01T06:01:31.521+0000] {subprocess.py:93} INFO -     con = self.exit_stack.enter_context(con.connect())
[2025-12-01T06:01:31.521+0000] {subprocess.py:93} INFO -                                         ^^^^^^^^^^^^^
[2025-12-01T06:01:31.522+0000] {subprocess.py:93} INFO -   File "/home/***/.local/lib/python3.12/site-packages/sqlalchemy/engine/base.py", line 3325, in connect
[2025-12-01T06:01:31.523+0000] {subprocess.py:93} INFO -     return self._connection_cls(self, close_with_result=close_with_result)
[2025-12-01T06:01:31.526+0000] {subprocess.py:93} INFO -            ^^^^^^^^^^^^^^^^^^^^^^^^^^^^^^^^^^^^^^^^^^^^^^^^^^^^^^^^^^^^^^^
[2025-12-01T06:01:31.527+0000] {subprocess.py:93} INFO -   File "/home/***/.local/lib/python3.12/site-packages/sqlalchemy/engine/base.py", line 96, in __init__
[2025-12-01T06:01:31.528+0000] {subprocess.py:93} INFO -     else engine.raw_connection()
[2025-12-01T06:01:31.529+0000] {subprocess.py:93} INFO -          ^^^^^^^^^^^^^^^^^^^^^^^
[2025-12-01T06:01:31.529+0000] {subprocess.py:93} INFO -   File "/home/***/.local/lib/python3.12/site-packages/sqlalchemy/engine/base.py", line 3404, in raw_connection
[2025-12-01T06:01:31.531+0000] {subprocess.py:93} INFO -     return self._wrap_pool_connect(self.pool.connect, _connection)
[2025-12-01T06:01:31.531+0000] {subprocess.py:93} INFO -            ^^^^^^^^^^^^^^^^^^^^^^^^^^^^^^^^^^^^^^^^^^^^^^^^^^^^^^^
[2025-12-01T06:01:31.532+0000] {subprocess.py:93} INFO -   File "/home/***/.local/lib/python3.12/site-packages/sqlalchemy/engine/base.py", line 3374, in _wrap_pool_connect
[2025-12-01T06:01:31.533+0000] {subprocess.py:93} INFO -     Connection._handle_dbapi_exception_noconnection(
[2025-12-01T06:01:31.533+0000] {subprocess.py:93} INFO -   File "/home/***/.local/lib/python3.12/site-packages/sqlalchemy/engine/base.py", line 2208, in _handle_dbapi_exception_noconnection
[2025-12-01T06:01:31.534+0000] {subprocess.py:93} INFO -     util.raise_(
[2025-12-01T06:01:31.535+0000] {subprocess.py:93} INFO -   File "/home/***/.local/lib/python3.12/site-packages/sqlalchemy/util/compat.py", line 211, in raise_
[2025-12-01T06:01:31.535+0000] {subprocess.py:93} INFO -     raise exception
[2025-12-01T06:01:31.536+0000] {subprocess.py:93} INFO -   File "/home/***/.local/lib/python3.12/site-packages/sqlalchemy/engine/base.py", line 3371, in _wrap_pool_connect
[2025-12-01T06:01:31.537+0000] {subprocess.py:93} INFO -     return fn()
[2025-12-01T06:01:31.537+0000] {subprocess.py:93} INFO -            ^^^^
[2025-12-01T06:01:31.538+0000] {subprocess.py:93} INFO -   File "/home/***/.local/lib/python3.12/site-packages/sqlalchemy/pool/base.py", line 327, in connect
[2025-12-01T06:01:31.538+0000] {subprocess.py:93} INFO -     return _ConnectionFairy._checkout(self)
[2025-12-01T06:01:31.539+0000] {subprocess.py:93} INFO -            ^^^^^^^^^^^^^^^^^^^^^^^^^^^^^^^^
[2025-12-01T06:01:31.540+0000] {subprocess.py:93} INFO -   File "/home/***/.local/lib/python3.12/site-packages/sqlalchemy/pool/base.py", line 894, in _checkout
[2025-12-01T06:01:31.541+0000] {subprocess.py:93} INFO -     fairy = _ConnectionRecord.checkout(pool)
[2025-12-01T06:01:31.541+0000] {subprocess.py:93} INFO -             ^^^^^^^^^^^^^^^^^^^^^^^^^^^^^^^^
[2025-12-01T06:01:31.542+0000] {subprocess.py:93} INFO -   File "/home/***/.local/lib/python3.12/site-packages/sqlalchemy/pool/base.py", line 493, in checkout
[2025-12-01T06:01:31.543+0000] {subprocess.py:93} INFO -     rec = pool._do_get()
[2025-12-01T06:01:31.543+0000] {subprocess.py:93} INFO -           ^^^^^^^^^^^^^^
[2025-12-01T06:01:31.544+0000] {subprocess.py:93} INFO -   File "/home/***/.local/lib/python3.12/site-packages/sqlalchemy/pool/impl.py", line 145, in _do_get
[2025-12-01T06:01:31.545+0000] {subprocess.py:93} INFO -     with util.safe_reraise():
[2025-12-01T06:01:31.545+0000] {subprocess.py:93} INFO -          ^^^^^^^^^^^^^^^^^^^
[2025-12-01T06:01:31.546+0000] {subprocess.py:93} INFO -   File "/home/***/.local/lib/python3.12/site-packages/sqlalchemy/util/langhelpers.py", line 70, in __exit__
[2025-12-01T06:01:31.547+0000] {subprocess.py:93} INFO -     compat.raise_(
[2025-12-01T06:01:31.547+0000] {subprocess.py:93} INFO -   File "/home/***/.local/lib/python3.12/site-packages/sqlalchemy/util/compat.py", line 211, in raise_
[2025-12-01T06:01:31.548+0000] {subprocess.py:93} INFO -     raise exception
[2025-12-01T06:01:31.548+0000] {subprocess.py:93} INFO -   File "/home/***/.local/lib/python3.12/site-packages/sqlalchemy/pool/impl.py", line 143, in _do_get
[2025-12-01T06:01:31.549+0000] {subprocess.py:93} INFO -     return self._create_connection()
[2025-12-01T06:01:31.550+0000] {subprocess.py:93} INFO -            ^^^^^^^^^^^^^^^^^^^^^^^^^
[2025-12-01T06:01:31.551+0000] {subprocess.py:93} INFO -   File "/home/***/.local/lib/python3.12/site-packages/sqlalchemy/pool/base.py", line 273, in _create_connection
[2025-12-01T06:01:31.551+0000] {subprocess.py:93} INFO -     return _ConnectionRecord(self)
[2025-12-01T06:01:31.552+0000] {subprocess.py:93} INFO -            ^^^^^^^^^^^^^^^^^^^^^^^
[2025-12-01T06:01:31.552+0000] {subprocess.py:93} INFO -   File "/home/***/.local/lib/python3.12/site-packages/sqlalchemy/pool/base.py", line 388, in __init__
[2025-12-01T06:01:31.553+0000] {subprocess.py:93} INFO -     self.__connect()
[2025-12-01T06:01:31.554+0000] {subprocess.py:93} INFO -   File "/home/***/.local/lib/python3.12/site-packages/sqlalchemy/pool/base.py", line 690, in __connect
[2025-12-01T06:01:31.554+0000] {subprocess.py:93} INFO -     with util.safe_reraise():
[2025-12-01T06:01:31.555+0000] {subprocess.py:93} INFO -          ^^^^^^^^^^^^^^^^^^^
[2025-12-01T06:01:31.556+0000] {subprocess.py:93} INFO -   File "/home/***/.local/lib/python3.12/site-packages/sqlalchemy/util/langhelpers.py", line 70, in __exit__
[2025-12-01T06:01:31.556+0000] {subprocess.py:93} INFO -     compat.raise_(
[2025-12-01T06:01:31.557+0000] {subprocess.py:93} INFO -   File "/home/***/.local/lib/python3.12/site-packages/sqlalchemy/util/compat.py", line 211, in raise_
[2025-12-01T06:01:31.557+0000] {subprocess.py:93} INFO -     raise exception
[2025-12-01T06:01:31.558+0000] {subprocess.py:93} INFO -   File "/home/***/.local/lib/python3.12/site-packages/sqlalchemy/pool/base.py", line 686, in __connect
[2025-12-01T06:01:31.559+0000] {subprocess.py:93} INFO -     self.dbapi_connection = connection = pool._invoke_creator(self)
[2025-12-01T06:01:31.559+0000] {subprocess.py:93} INFO -                                          ^^^^^^^^^^^^^^^^^^^^^^^^^^
[2025-12-01T06:01:31.560+0000] {subprocess.py:93} INFO -   File "/home/***/.local/lib/python3.12/site-packages/sqlalchemy/engine/create.py", line 574, in connect
[2025-12-01T06:01:31.561+0000] {subprocess.py:93} INFO -     return dialect.connect(*cargs, **cparams)
[2025-12-01T06:01:31.561+0000] {subprocess.py:93} INFO -            ^^^^^^^^^^^^^^^^^^^^^^^^^^^^^^^^^^
[2025-12-01T06:01:31.562+0000] {subprocess.py:93} INFO -   File "/home/***/.local/lib/python3.12/site-packages/sqlalchemy/engine/default.py", line 598, in connect
[2025-12-01T06:01:31.563+0000] {subprocess.py:93} INFO -     return self.dbapi.connect(*cargs, **cparams)
[2025-12-01T06:01:31.563+0000] {subprocess.py:93} INFO -            ^^^^^^^^^^^^^^^^^^^^^^^^^^^^^^^^^^^^^
[2025-12-01T06:01:31.564+0000] {subprocess.py:93} INFO - sqlalchemy.exc.OperationalError: (pyodbc.OperationalError) ('08001', '[08001] [Microsoft][ODBC Driver 18 for SQL Server]Client unable to establish connection because an error was encountered during handshakes before login. Common causes include client attempting to connect to an unsupported version of SQL Server, server too busy to accept new connections or a resource limitation (memory or maximum allowed connections) on the server. (26) (SQLDriverConnect)')
[2025-12-01T06:01:31.564+0000] {subprocess.py:93} INFO - (Background on this error at: https://sqlalche.me/e/14/e3q8)
[2025-12-01T06:01:31.736+0000] {subprocess.py:97} INFO - Command exited with return code 1
[2025-12-01T06:01:31.760+0000] {taskinstance.py:3310} ERROR - Task failed with exception
Traceback (most recent call last):
  File "/home/airflow/.local/lib/python3.12/site-packages/airflow/models/taskinstance.py", line 767, in _execute_task
    result = _execute_callable(context=context, **execute_callable_kwargs)
             ^^^^^^^^^^^^^^^^^^^^^^^^^^^^^^^^^^^^^^^^^^^^^^^^^^^^^^^^^^^^^
  File "/home/airflow/.local/lib/python3.12/site-packages/airflow/models/taskinstance.py", line 733, in _execute_callable
    return ExecutionCallableRunner(
           ^^^^^^^^^^^^^^^^^^^^^^^^
  File "/home/airflow/.local/lib/python3.12/site-packages/airflow/utils/operator_helpers.py", line 252, in run
    return self.func(*args, **kwargs)
           ^^^^^^^^^^^^^^^^^^^^^^^^^^
  File "/home/airflow/.local/lib/python3.12/site-packages/airflow/models/baseoperator.py", line 406, in wrapper
    return func(self, *args, **kwargs)
           ^^^^^^^^^^^^^^^^^^^^^^^^^^^
  File "/home/airflow/.local/lib/python3.12/site-packages/airflow/operators/bash.py", line 249, in execute
    raise AirflowException(
airflow.exceptions.AirflowException: Bash command failed. The command returned a non-zero exit code 1.
[2025-12-01T06:01:31.788+0000] {taskinstance.py:1225} INFO - Marking task as UP_FOR_RETRY. dag_id=ETL_DWH_Daily, task_id=run_insert_silver, run_id=scheduled__2025-12-01T05:50:00+00:00, execution_date=20251201T055000, start_date=20251201T060128, end_date=20251201T060131
[2025-12-01T06:01:31.842+0000] {taskinstance.py:340} INFO - ::group::Post task execution logs
[2025-12-01T06:01:31.843+0000] {standard_task_runner.py:124} ERROR - Failed to execute job 914 for task run_insert_silver (Bash command failed. The command returned a non-zero exit code 1.; 9426)
Traceback (most recent call last):
  File "/home/airflow/.local/lib/python3.12/site-packages/airflow/task/task_runner/standard_task_runner.py", line 117, in _start_by_fork
    ret = args.func(args, dag=self.dag)
          ^^^^^^^^^^^^^^^^^^^^^^^^^^^^^
  File "/home/airflow/.local/lib/python3.12/site-packages/airflow/cli/cli_config.py", line 49, in command
    return func(*args, **kwargs)
           ^^^^^^^^^^^^^^^^^^^^^
  File "/home/airflow/.local/lib/python3.12/site-packages/airflow/utils/cli.py", line 115, in wrapper
    return f(*args, **kwargs)
           ^^^^^^^^^^^^^^^^^^
  File "/home/airflow/.local/lib/python3.12/site-packages/airflow/cli/commands/task_command.py", line 483, in task_run
    task_return_code = _run_task_by_selected_method(args, _dag, ti)
                       ^^^^^^^^^^^^^^^^^^^^^^^^^^^^^^^^^^^^^^^^^^^^
  File "/home/airflow/.local/lib/python3.12/site-packages/airflow/cli/commands/task_command.py", line 256, in _run_task_by_selected_method
    return _run_raw_task(args, ti)
           ^^^^^^^^^^^^^^^^^^^^^^^
  File "/home/airflow/.local/lib/python3.12/site-packages/airflow/cli/commands/task_command.py", line 341, in _run_raw_task
    return ti._run_raw_task(
           ^^^^^^^^^^^^^^^^^
  File "/home/airflow/.local/lib/python3.12/site-packages/airflow/utils/session.py", line 97, in wrapper
    return func(*args, session=session, **kwargs)
           ^^^^^^^^^^^^^^^^^^^^^^^^^^^^^^^^^^^^^^
  File "/home/airflow/.local/lib/python3.12/site-packages/airflow/models/taskinstance.py", line 3004, in _run_raw_task
    return _run_raw_task(
           ^^^^^^^^^^^^^^
  File "/home/airflow/.local/lib/python3.12/site-packages/airflow/models/taskinstance.py", line 273, in _run_raw_task
    TaskInstance._execute_task_with_callbacks(
  File "/home/airflow/.local/lib/python3.12/site-packages/airflow/models/taskinstance.py", line 3158, in _execute_task_with_callbacks
    result = self._execute_task(context, task_orig)
             ^^^^^^^^^^^^^^^^^^^^^^^^^^^^^^^^^^^^^^
  File "/home/airflow/.local/lib/python3.12/site-packages/airflow/models/taskinstance.py", line 3182, in _execute_task
    return _execute_task(self, context, task_orig)
           ^^^^^^^^^^^^^^^^^^^^^^^^^^^^^^^^^^^^^^^
  File "/home/airflow/.local/lib/python3.12/site-packages/airflow/models/taskinstance.py", line 767, in _execute_task
    result = _execute_callable(context=context, **execute_callable_kwargs)
             ^^^^^^^^^^^^^^^^^^^^^^^^^^^^^^^^^^^^^^^^^^^^^^^^^^^^^^^^^^^^^
  File "/home/airflow/.local/lib/python3.12/site-packages/airflow/models/taskinstance.py", line 733, in _execute_callable
    return ExecutionCallableRunner(
           ^^^^^^^^^^^^^^^^^^^^^^^^
  File "/home/airflow/.local/lib/python3.12/site-packages/airflow/utils/operator_helpers.py", line 252, in run
    return self.func(*args, **kwargs)
           ^^^^^^^^^^^^^^^^^^^^^^^^^^
  File "/home/airflow/.local/lib/python3.12/site-packages/airflow/models/baseoperator.py", line 406, in wrapper
    return func(self, *args, **kwargs)
           ^^^^^^^^^^^^^^^^^^^^^^^^^^^
  File "/home/airflow/.local/lib/python3.12/site-packages/airflow/operators/bash.py", line 249, in execute
    raise AirflowException(
airflow.exceptions.AirflowException: Bash command failed. The command returned a non-zero exit code 1.
[2025-12-01T06:01:31.935+0000] {local_task_job_runner.py:266} INFO - Task exited with return code 1
[2025-12-01T06:01:31.987+0000] {taskinstance.py:3900} INFO - 0 downstream tasks scheduled from follow-on schedule check
[2025-12-01T06:01:31.994+0000] {local_task_job_runner.py:245} INFO - ::endgroup::
